<?xml version="1.0" encoding="UTF-8"?>
<testsuite name="fib.FibonacciTests" tests="2" skipped="0" failures="0" errors="0" timestamp="2021-04-17T11:52:23" hostname="DESKTOP-514VBJA" time="0.039">
  <properties/>
  <testcase name="[1] 0, 0" classname="fib.FibonacciTests" time="0.035"/>
  <testcase name="[2] 1, 1" classname="fib.FibonacciTests" time="0.001"/>
  <system-out><![CDATA[]]></system-out>
  <system-err><![CDATA[]]></system-err>
</testsuite>
